<?xml version="1.0" encoding="UTF-8"?>
<testng-results ignored="0" total="1" passed="1" failed="0" skipped="0">
  <reporter-output>
  </reporter-output>
  <suite started-at="2024-02-27T14:24:44 MST" name="Default suite" finished-at="2024-02-27T14:24:49 MST" duration-ms="5043">
    <groups>
    </groups>
    <test started-at="2024-02-27T14:24:44 MST" name="Default test" finished-at="2024-02-27T14:24:49 MST" duration-ms="5043">
      <class name="Com.Cts.Testcases.Logintoapplication">
        <test-method signature="login()[pri:0, instance:Com.Cts.Testcases.Logintoapplication@4d5650ae]" started-at="2024-02-27T14:24:44 MST" name="login" finished-at="2024-02-27T14:24:49 MST" duration-ms="5001" status="PASS">
          <reporter-output>
          </reporter-output>
        </test-method> <!-- login -->
      </class> <!-- Com.Cts.Testcases.Logintoapplication -->
    </test> <!-- Default test -->
  </suite> <!-- Default suite -->
</testng-results>
